Release 14.5 - xst P.58f (nt64)
Copyright (c) 1995-2012 Xilinx, Inc.  All rights reserved.
--> Parameter TMPDIR set to xst/projnav.tmp


Total REAL time to Xst completion: 0.00 secs
Total CPU time to Xst completion: 0.22 secs
 
--> Parameter xsthdpdir set to xst


Total REAL time to Xst completion: 0.00 secs
Total CPU time to Xst completion: 0.23 secs
 
--> Reading design: lab2.prj

TABLE OF CONTENTS
  1) Synthesis Options Summary
  2) HDL Parsing
  3) HDL Elaboration
  4) HDL Synthesis
       4.1) HDL Synthesis Report
  5) Advanced HDL Synthesis
       5.1) Advanced HDL Synthesis Report
  6) Low Level Synthesis
  7) Partition Report
  8) Design Summary
       8.1) Primitive and Black Box Usage
       8.2) Device utilization summary
       8.3) Partition Resource Summary
       8.4) Timing Report
            8.4.1) Clock Information
            8.4.2) Asynchronous Control Signals Information
            8.4.3) Timing Summary
            8.4.4) Timing Details
            8.4.5) Cross Clock Domains Report


=========================================================================
*                      Synthesis Options Summary                        *
=========================================================================
---- Source Parameters
Input File Name                    : "lab2.prj"
Ignore Synthesis Constraint File   : NO

---- Target Parameters
Output File Name                   : "lab2"
Output Format                      : NGC
Target Device                      : xc6slx16-3-csg324

---- Source Options
Top Module Name                    : lab2
Automatic FSM Extraction           : YES
FSM Encoding Algorithm             : Auto
Safe Implementation                : No
FSM Style                          : LUT
RAM Extraction                     : Yes
RAM Style                          : Auto
ROM Extraction                     : Yes
Shift Register Extraction          : YES
ROM Style                          : Auto
Resource Sharing                   : YES
Asynchronous To Synchronous        : NO
Shift Register Minimum Size        : 2
Use DSP Block                      : Auto
Automatic Register Balancing       : No

---- Target Options
LUT Combining                      : Auto
Reduce Control Sets                : Auto
Add IO Buffers                     : YES
Global Maximum Fanout              : 100000
Add Generic Clock Buffer(BUFG)     : 16
Register Duplication               : YES
Optimize Instantiated Primitives   : NO
Use Clock Enable                   : Auto
Use Synchronous Set                : Auto
Use Synchronous Reset              : Auto
Pack IO Registers into IOBs        : Auto
Equivalent register Removal        : YES

---- General Options
Optimization Goal                  : Speed
Optimization Effort                : 1
Power Reduction                    : NO
Keep Hierarchy                     : No
Netlist Hierarchy                  : As_Optimized
RTL Output                         : Yes
Global Optimization                : AllClockNets
Read Cores                         : YES
Write Timing Constraints           : NO
Cross Clock Analysis               : NO
Hierarchy Separator                : /
Bus Delimiter                      : <>
Case Specifier                     : Maintain
Slice Utilization Ratio            : 100
BRAM Utilization Ratio             : 100
DSP48 Utilization Ratio            : 100
Auto BRAM Packing                  : NO
Slice Utilization Ratio Delta      : 5

---- Other Options
Cores Search Directories           : {"ipcore_dir"  }

=========================================================================


=========================================================================
*                          HDL Parsing                                  *
=========================================================================
Analyzing Verilog file "\\ece-homes.ece.wpi.edu\llhunker\ECE3829\lab2\ipcore_dir\dcm_10.v" into library work
Parsing module <dcm_10>.
Analyzing Verilog file "\\ece-homes.ece.wpi.edu\llhunker\ECE3829\lab2\ipcore_dir\dcm_10\example_design\dcm_10_exdes.v" into library work
Parsing module <dcm_10_exdes>.
Analyzing Verilog file "\\ece-homes.ece.wpi.edu\llhunker\ECE3829\lab2\seven_seg.v" into library work
Parsing module <seven_seg>.
Analyzing Verilog file "\\ece-homes.ece.wpi.edu\llhunker\ECE3829\lab2\lab2.v" into library work
Parsing module <lab2>.

=========================================================================
*                            HDL Elaboration                            *
=========================================================================

Elaborating module <lab2>.

Elaborating module <dcm_10>.

Elaborating module <IBUFG>.

Elaborating module <DCM_SP(CLKDV_DIVIDE=10.0,CLKFX_DIVIDE=20,CLKFX_MULTIPLY=2,CLKIN_DIVIDE_BY_2="FALSE",CLKIN_PERIOD=10.0,CLKOUT_PHASE_SHIFT="NONE",CLK_FEEDBACK="1X",DESKEW_ADJUST="SYSTEM_SYNCHRONOUS",PHASE_SHIFT=0,STARTUP_WAIT="FALSE")>.
WARNING:HDLCompiler:1127 - "\\ece-homes.ece.wpi.edu\llhunker\ECE3829\lab2\ipcore_dir\dcm_10.v" Line 130: Assignment to status_int ignored, since the identifier is never used

Elaborating module <BUFG>.

Elaborating module <seven_seg>.

=========================================================================
*                           HDL Synthesis                               *
=========================================================================

Synthesizing Unit <lab2>.
    Related source file is "\\ece-homes.ece.wpi.edu\llhunker\ECE3829\lab2\lab2.v".
        in2 = 8'b11111111
    Summary:
	no macro.
Unit <lab2> synthesized.

Synthesizing Unit <dcm_10>.
    Related source file is "\\ece-homes.ece.wpi.edu\llhunker\ECE3829\lab2\ipcore_dir\dcm_10.v".
    Summary:
	no macro.
Unit <dcm_10> synthesized.

Synthesizing Unit <seven_seg>.
    Related source file is "\\ece-homes.ece.wpi.edu\llhunker\ECE3829\lab2\seven_seg.v".
    Found 2-bit register for signal <mux>.
    Found 15-bit register for signal <count>.
    Found 15-bit adder for signal <count[14]_GND_6_o_add_1_OUT> created at line 34.
    Found 2-bit adder for signal <mux[1]_GND_6_o_add_3_OUT> created at line 38.
    Found 4x4-bit Read Only RAM for signal <anodes>
    Found 16x7-bit Read Only RAM for signal <seg>
    Found 4-bit 4-to-1 multiplexer for signal <display> created at line 45.
    Summary:
	inferred   2 RAM(s).
	inferred   2 Adder/Subtractor(s).
	inferred  17 D-type flip-flop(s).
	inferred   1 Multiplexer(s).
Unit <seven_seg> synthesized.

=========================================================================
HDL Synthesis Report

Macro Statistics
# RAMs                                                 : 2
 16x7-bit single-port Read Only RAM                    : 1
 4x4-bit single-port Read Only RAM                     : 1
# Adders/Subtractors                                   : 2
 15-bit adder                                          : 1
 2-bit adder                                           : 1
# Registers                                            : 2
 15-bit register                                       : 1
 2-bit register                                        : 1
# Multiplexers                                         : 1
 4-bit 4-to-1 multiplexer                              : 1

=========================================================================

=========================================================================
*                       Advanced HDL Synthesis                          *
=========================================================================


Synthesizing (advanced) Unit <seven_seg>.
The following registers are absorbed into counter <count>: 1 register on signal <count>.
The following registers are absorbed into counter <mux>: 1 register on signal <mux>.
INFO:Xst:3218 - HDL ADVISOR - The RAM <Mram_anodes> will be implemented on LUTs either because you have described an asynchronous read or because of currently unsupported block RAM features. If you have described an asynchronous read, making it synchronous would allow you to take advantage of available block RAM resources, for optimized device usage and improved timings. Please refer to your documentation for coding guidelines.
    -----------------------------------------------------------------------
    | ram_type           | Distributed                         |          |
    -----------------------------------------------------------------------
    | Port A                                                              |
    |     aspect ratio   | 4-word x 4-bit                      |          |
    |     weA            | connected to signal <GND>           | high     |
    |     addrA          | connected to signal <mux>           |          |
    |     diA            | connected to signal <GND>           |          |
    |     doA            | connected to signal <anodes>        |          |
    -----------------------------------------------------------------------
INFO:Xst:3218 - HDL ADVISOR - The RAM <Mram_seg> will be implemented on LUTs either because you have described an asynchronous read or because of currently unsupported block RAM features. If you have described an asynchronous read, making it synchronous would allow you to take advantage of available block RAM resources, for optimized device usage and improved timings. Please refer to your documentation for coding guidelines.
    -----------------------------------------------------------------------
    | ram_type           | Distributed                         |          |
    -----------------------------------------------------------------------
    | Port A                                                              |
    |     aspect ratio   | 16-word x 7-bit                     |          |
    |     weA            | connected to signal <GND>           | high     |
    |     addrA          | connected to signal <display>       |          |
    |     diA            | connected to signal <GND>           |          |
    |     doA            | connected to signal <seg>           |          |
    -----------------------------------------------------------------------
Unit <seven_seg> synthesized (advanced).

=========================================================================
Advanced HDL Synthesis Report

Macro Statistics
# RAMs                                                 : 2
 16x7-bit single-port distributed Read Only RAM        : 1
 4x4-bit single-port distributed Read Only RAM         : 1
# Counters                                             : 2
 15-bit up counter                                     : 1
 2-bit up counter                                      : 1
# Multiplexers                                         : 1
 4-bit 4-to-1 multiplexer                              : 1

=========================================================================

=========================================================================
*                         Low Level Synthesis                           *
=========================================================================

Optimizing unit <lab2> ...
WARNING:Xst:1293 - FF/Latch <s1/count_14> has a constant value of 0 in block <lab2>. This FF/Latch will be trimmed during the optimization process.

Mapping all equations...
Building and optimizing final netlist ...
Found area constraint ratio of 100 (+ 5) on block lab2, actual ratio is 0.

Final Macro Processing ...

=========================================================================
Final Register Report

Macro Statistics
# Registers                                            : 16
 Flip-Flops                                            : 16

=========================================================================

=========================================================================
*                           Partition Report                            *
=========================================================================

Partition Implementation Status
-------------------------------

  No Partitions were found in this design.

-------------------------------

=========================================================================
*                            Design Summary                             *
=========================================================================

Top Level Output File Name         : lab2.ngc

Primitive and Black Box Usage:
------------------------------
# BELS                             : 63
#      GND                         : 1
#      INV                         : 1
#      LUT1                        : 13
#      LUT2                        : 4
#      LUT4                        : 13
#      LUT5                        : 1
#      LUT6                        : 2
#      MUXCY                       : 13
#      VCC                         : 1
#      XORCY                       : 14
# FlipFlops/Latches                : 16
#      FDE                         : 2
#      FDR                         : 14
# Clock Buffers                    : 2
#      BUFG                        : 2
# IO Buffers                       : 22
#      IBUF                        : 9
#      IBUFG                       : 1
#      OBUF                        : 12
# DCMs                             : 1
#      DCM_SP                      : 1

Device utilization summary:
---------------------------

Selected Device : 6slx16csg324-3 


Slice Logic Utilization: 
 Number of Slice Registers:              16  out of  18224     0%  
 Number of Slice LUTs:                   34  out of   9112     0%  
    Number used as Logic:                34  out of   9112     0%  

Slice Logic Distribution: 
 Number of LUT Flip Flop pairs used:     34
   Number with an unused Flip Flop:      18  out of     34    52%  
   Number with an unused LUT:             0  out of     34     0%  
   Number of fully used LUT-FF pairs:    16  out of     34    47%  
   Number of unique control sets:         2

IO Utilization: 
 Number of IOs:                          22
 Number of bonded IOBs:                  22  out of    232     9%  

Specific Feature Utilization:
 Number of BUFG/BUFGCTRL/BUFHCEs:         2  out of     16    12%  

---------------------------
Partition Resource Summary:
---------------------------

  No Partitions were found in this design.

---------------------------


=========================================================================
Timing Report

NOTE: THESE TIMING NUMBERS ARE ONLY A SYNTHESIS ESTIMATE.
      FOR ACCURATE TIMING INFORMATION PLEASE REFER TO THE TRACE REPORT
      GENERATED AFTER PLACE-and-ROUTE.

Clock Information:
------------------
-----------------------------------+------------------------+-------+
Clock Signal                       | Clock buffer(FF name)  | Load  |
-----------------------------------+------------------------+-------+
fpga_clk                           | DCM_SP:CLKFX           | 16    |
-----------------------------------+------------------------+-------+

Asynchronous Control Signals Information:
----------------------------------------
No asynchronous control signals found in this design

Timing Summary:
---------------
Speed Grade: -3

   Minimum period: 0.412ns (Maximum Frequency: 2427.420MHz)
   Minimum input arrival time before clock: No path found
   Maximum output required time after clock: 6.127ns
   Maximum combinational path delay: 6.608ns

Timing Details:
---------------
All values displayed in nanoseconds (ns)

=========================================================================
Timing constraint: Default period analysis for Clock 'fpga_clk'
  Clock period: 0.412ns (frequency: 2427.420MHz)
  Total number of paths / destination ports: 332 / 32
-------------------------------------------------------------------------
Delay:               4.120ns (Levels of Logic = 2)
  Source:            s1/count_3 (FF)
  Destination:       s1/count_0 (FF)
  Source Clock:      fpga_clk rising 0.1X
  Destination Clock: fpga_clk rising 0.1X

  Data Path: s1/count_3 to s1/count_0
                                Gate     Net
    Cell:in->out      fanout   Delay   Delay  Logical Name (Net Name)
    ----------------------------------------  ------------
     FDR:C->Q              2   0.447   0.981  s1/count_3 (s1/count_3)
     LUT6:I0->O            3   0.203   0.898  s1/GND_6_o_GND_6_o_equal_3_o<14>1 (s1/GND_6_o_GND_6_o_equal_3_o<14>)
     LUT4:I0->O           14   0.203   0.957  s1/GND_6_o_GND_6_o_equal_3_o<14>3 (s1/GND_6_o_GND_6_o_equal_3_o)
     FDR:R                     0.430          s1/count_0
    ----------------------------------------
    Total                      4.120ns (1.283ns logic, 2.837ns route)
                                       (31.1% logic, 68.9% route)

=========================================================================
Timing constraint: Default OFFSET OUT AFTER for Clock 'fpga_clk'
  Total number of paths / destination ports: 64 / 11
-------------------------------------------------------------------------
Offset:              6.127ns (Levels of Logic = 3)
  Source:            s1/mux_0 (FF)
  Destination:       seg<6> (PAD)
  Source Clock:      fpga_clk rising 0.1X

  Data Path: s1/mux_0 to seg<6>
                                Gate     Net
    Cell:in->out      fanout   Delay   Delay  Logical Name (Net Name)
    ----------------------------------------  ------------
     FDE:C->Q             10   0.447   1.104  s1/mux_0 (s1/mux_0)
     LUT4:I0->O            7   0.203   1.021  s1/Mmux_display41 (s1/display<3>)
     LUT4:I0->O            1   0.203   0.579  s1/Mram_seg111 (seg_1_OBUF)
     OBUF:I->O                 2.571          seg_1_OBUF (seg<1>)
    ----------------------------------------
    Total                      6.127ns (3.424ns logic, 2.703ns route)
                                       (55.9% logic, 44.1% route)

=========================================================================
Timing constraint: Default path analysis
  Total number of paths / destination ports: 56 / 7
-------------------------------------------------------------------------
Delay:               6.608ns (Levels of Logic = 4)
  Source:            sw<0> (PAD)
  Destination:       seg<6> (PAD)

  Data Path: sw<0> to seg<6>
                                Gate     Net
    Cell:in->out      fanout   Delay   Delay  Logical Name (Net Name)
    ----------------------------------------  ------------
     IBUF:I->O             1   1.222   0.808  sw_0_IBUF (sw_0_IBUF)
     LUT4:I1->O            7   0.205   1.021  s1/Mmux_display11 (s1/display<0>)
     LUT4:I0->O            1   0.203   0.579  s1/Mram_seg21 (seg_2_OBUF)
     OBUF:I->O                 2.571          seg_2_OBUF (seg<2>)
    ----------------------------------------
    Total                      6.608ns (4.201ns logic, 2.407ns route)
                                       (63.6% logic, 36.4% route)

=========================================================================

Cross Clock Domains Report:
--------------------------

Clock to Setup on destination clock fpga_clk
---------------+---------+---------+---------+---------+
               | Src:Rise| Src:Fall| Src:Rise| Src:Fall|
Source Clock   |Dest:Rise|Dest:Rise|Dest:Fall|Dest:Fall|
---------------+---------+---------+---------+---------+
fpga_clk       |    4.120|         |         |         |
---------------+---------+---------+---------+---------+

=========================================================================


Total REAL time to Xst completion: 20.00 secs
Total CPU time to Xst completion: 20.67 secs
 
--> 

Total memory usage is 257108 kilobytes

Number of errors   :    0 (   0 filtered)
Number of warnings :    2 (   0 filtered)
Number of infos    :    2 (   0 filtered)

