--------------------------------------------------------------------------------
Release 14.5 Trace  (nt64)
Copyright (c) 1995-2012 Xilinx, Inc.  All rights reserved.

C:\Xilinx\14.5\ISE_DS\ISE\bin\nt64\unwrapped\trce.exe -intstyle ise -v 3 -s 3
-n 3 -fastpaths -xml lab2.twx lab2.ncd -o lab2.twr lab2.pcf -ucf seven_seg.ucf

Design file:              lab2.ncd
Physical constraint file: lab2.pcf
Device,package,speed:     xc6slx16,csg324,C,-3 (PRODUCTION 1.23 2013-03-26)
Report level:             verbose report

Environment Variable      Effect 
--------------------      ------ 
NONE                      No environment variables were set
--------------------------------------------------------------------------------

INFO:Timing:2698 - No timing constraints found, doing default enumeration.
INFO:Timing:3412 - To improve timing, see the Timing Closure User Guide (UG612).
INFO:Timing:2752 - To get complete path coverage, use the unconstrained paths 
   option. All paths that are not constrained will be reported in the 
   unconstrained paths section(s) of the report.
INFO:Timing:3339 - The clock-to-out numbers in this timing report are based on 
   a 50 Ohm transmission line loading model.  For the details of this model, 
   and for more information on accounting for different loading conditions, 
   please see the device datasheet.



Data Sheet report:
-----------------
All values displayed in nanoseconds (ns)

Clock fpga_clk to Pad
------------+-----------------+------------+-----------------+------------+------------------+--------+
            |Max (slowest) clk|  Process   |Min (fastest) clk|  Process   |                  | Clock  |
Destination |  (edge) to PAD  |   Corner   |  (edge) to PAD  |   Corner   |Internal Clock(s) | Phase  |
------------+-----------------+------------+-----------------+------------+------------------+--------+
anode<0>    |         6.262(R)|      SLOW  |         3.710(R)|      FAST  |clk_25m           |   0.000|
anode<1>    |         6.295(R)|      SLOW  |         3.726(R)|      FAST  |clk_25m           |   0.000|
anode<2>    |         6.009(R)|      SLOW  |         3.568(R)|      FAST  |clk_25m           |   0.000|
anode<3>    |         6.244(R)|      SLOW  |         3.716(R)|      FAST  |clk_25m           |   0.000|
seg<0>      |         8.098(R)|      SLOW  |         4.670(R)|      FAST  |clk_25m           |   0.000|
seg<1>      |         7.908(R)|      SLOW  |         4.314(R)|      FAST  |clk_25m           |   0.000|
seg<2>      |         7.611(R)|      SLOW  |         4.340(R)|      FAST  |clk_25m           |   0.000|
seg<3>      |         8.155(R)|      SLOW  |         4.575(R)|      FAST  |clk_25m           |   0.000|
seg<4>      |         7.852(R)|      SLOW  |         4.279(R)|      FAST  |clk_25m           |   0.000|
seg<5>      |         8.077(R)|      SLOW  |         4.382(R)|      FAST  |clk_25m           |   0.000|
seg<6>      |         8.135(R)|      SLOW  |         4.556(R)|      FAST  |clk_25m           |   0.000|
------------+-----------------+------------+-----------------+------------+------------------+--------+

Clock to Setup on destination clock fpga_clk
---------------+---------+---------+---------+---------+
               | Src:Rise| Src:Fall| Src:Rise| Src:Fall|
Source Clock   |Dest:Rise|Dest:Rise|Dest:Fall|Dest:Fall|
---------------+---------+---------+---------+---------+
fpga_clk       |    4.175|         |         |         |
---------------+---------+---------+---------+---------+

Pad to Pad
---------------+---------------+---------+
Source Pad     |Destination Pad|  Delay  |
---------------+---------------+---------+
sw<0>          |seg<0>         |    8.331|
sw<0>          |seg<1>         |    8.095|
sw<0>          |seg<2>         |    7.844|
sw<0>          |seg<3>         |    8.237|
sw<0>          |seg<4>         |    8.039|
sw<0>          |seg<5>         |    8.197|
sw<0>          |seg<6>         |    8.217|
sw<1>          |seg<0>         |    8.538|
sw<1>          |seg<1>         |    8.493|
sw<1>          |seg<2>         |    8.051|
sw<1>          |seg<3>         |    8.740|
sw<1>          |seg<4>         |    8.437|
sw<1>          |seg<5>         |    8.372|
sw<1>          |seg<6>         |    8.720|
sw<2>          |seg<0>         |    8.559|
sw<2>          |seg<1>         |    8.022|
sw<2>          |seg<2>         |    8.072|
sw<2>          |seg<3>         |    8.455|
sw<2>          |seg<4>         |    7.966|
sw<2>          |seg<5>         |    8.767|
sw<2>          |seg<6>         |    8.435|
sw<3>          |seg<0>         |    8.831|
sw<3>          |seg<1>         |    8.465|
sw<3>          |seg<2>         |    8.344|
sw<3>          |seg<3>         |    8.682|
sw<3>          |seg<4>         |    8.409|
sw<3>          |seg<5>         |    8.251|
sw<3>          |seg<6>         |    8.662|
sw<4>          |seg<0>         |    8.489|
sw<4>          |seg<1>         |    8.253|
sw<4>          |seg<2>         |    8.002|
sw<4>          |seg<3>         |    8.395|
sw<4>          |seg<4>         |    8.197|
sw<4>          |seg<5>         |    8.355|
sw<4>          |seg<6>         |    8.375|
sw<5>          |seg<0>         |    8.228|
sw<5>          |seg<1>         |    8.183|
sw<5>          |seg<2>         |    7.741|
sw<5>          |seg<3>         |    8.430|
sw<5>          |seg<4>         |    8.127|
sw<5>          |seg<5>         |    8.062|
sw<5>          |seg<6>         |    8.410|
sw<6>          |seg<0>         |    8.438|
sw<6>          |seg<1>         |    7.901|
sw<6>          |seg<2>         |    7.951|
sw<6>          |seg<3>         |    8.334|
sw<6>          |seg<4>         |    7.845|
sw<6>          |seg<5>         |    8.646|
sw<6>          |seg<6>         |    8.314|
sw<7>          |seg<0>         |    9.164|
sw<7>          |seg<1>         |    8.798|
sw<7>          |seg<2>         |    8.677|
sw<7>          |seg<3>         |    9.015|
sw<7>          |seg<4>         |    8.742|
sw<7>          |seg<5>         |    8.584|
sw<7>          |seg<6>         |    8.995|
---------------+---------------+---------+


Analysis completed Tue Sep 09 00:14:34 2014 
--------------------------------------------------------------------------------

Trace Settings:
-------------------------
Trace Settings 

Peak Memory Usage: 218 MB



