Release 14.5 - ngc2edif P.58f (nt64)
Copyright (c) 1995-2012 Xilinx, Inc.  All rights reserved.
Reading design seven_seg.ngc ...
WARNING:NetListWriters:298 - No output is written to seven_seg.xncf, ignored.
Processing design ...
   Preping design's networks ...
   Preping design's macros ...
  finished :Prep
Writing EDIF netlist file seven_seg.edif ...
ngc2edif: Total memory usage is 78852 kilobytes

Release 14.5 - ngc2edif P.58f (nt64)
Copyright (c) 1995-2012 Xilinx, Inc.  All rights reserved.
Reading design lab2.ngc ...
WARNING:NetListWriters:298 - No output is written to lab2.xncf, ignored.
Processing design ...
   Preping design's networks ...
   Preping design's macros ...
  finished :Prep
Writing EDIF netlist file lab2.edif ...
ngc2edif: Total memory usage is 79428 kilobytes

Release 14.5 - ngc2edif P.58f (nt64)
Copyright (c) 1995-2012 Xilinx, Inc.  All rights reserved.
Reading design lab2.ngc ...
WARNING:NetListWriters:298 - No output is written to lab2.xncf, ignored.
Processing design ...
   Preping design's networks ...
   Preping design's macros ...
  finished :Prep
Writing EDIF netlist file lab2.edif ...
ngc2edif: Total memory usage is 79236 kilobytes

